Using pre-set license
Built from '2022.3/staging' branch; Version is '2022.3.7f1 (b16b3b16c7a0) revision 11627323'; Using compiler version '192829333'; Build Type 'Release'
OS: 'Windows 11  (10.0.22621) 64bit Core' Language: 'en' Physical Memory: 16084 MB
BatchMode: 1, IsHumanControllingUs: 0, StartBugReporterOnCrash: 0, Is64bit: 1, IsPro: 1

COMMAND LINE ARGUMENTS:
C:\Program Files\Unity\Hub\Editor\2022.3.7f1\Editor\Unity.exe
-adb2
-batchMode
-noUpm
-name
AssetImportWorker2
-projectPath
C:/Users/weiss/GitHub/Projects/DeckBuildingGame/CardGame
-logFile
Logs/AssetImportWorker2.log
-srvPort
65150
Successfully changed project path to: C:/Users/weiss/GitHub/Projects/DeckBuildingGame/CardGame
C:/Users/weiss/GitHub/Projects/DeckBuildingGame/CardGame
[UnityMemory] Configuration Parameters - Can be set up in boot.config
    "memorysetup-bucket-allocator-granularity=16"
    "memorysetup-bucket-allocator-bucket-count=8"
    "memorysetup-bucket-allocator-block-size=33554432"
    "memorysetup-bucket-allocator-block-count=8"
    "memorysetup-main-allocator-block-size=16777216"
    "memorysetup-thread-allocator-block-size=16777216"
    "memorysetup-gfx-main-allocator-block-size=16777216"
    "memorysetup-gfx-thread-allocator-block-size=16777216"
    "memorysetup-cache-allocator-block-size=4194304"
    "memorysetup-typetree-allocator-block-size=2097152"
    "memorysetup-profiler-bucket-allocator-granularity=16"
    "memorysetup-profiler-bucket-allocator-bucket-count=8"
    "memorysetup-profiler-bucket-allocator-block-size=33554432"
    "memorysetup-profiler-bucket-allocator-block-count=8"
    "memorysetup-profiler-allocator-block-size=16777216"
    "memorysetup-profiler-editor-allocator-block-size=1048576"
    "memorysetup-temp-allocator-size-main=16777216"
    "memorysetup-job-temp-allocator-block-size=2097152"
    "memorysetup-job-temp-allocator-block-size-background=1048576"
    "memorysetup-job-temp-allocator-reduction-small-platforms=262144"
    "memorysetup-allocator-temp-initial-block-size-main=262144"
    "memorysetup-allocator-temp-initial-block-size-worker=262144"
    "memorysetup-temp-allocator-size-background-worker=32768"
    "memorysetup-temp-allocator-size-job-worker=262144"
    "memorysetup-temp-allocator-size-preload-manager=33554432"
    "memorysetup-temp-allocator-size-nav-mesh-worker=65536"
    "memorysetup-temp-allocator-size-audio-worker=65536"
    "memorysetup-temp-allocator-size-cloud-worker=32768"
    "memorysetup-temp-allocator-size-gi-baking-worker=262144"
    "memorysetup-temp-allocator-size-gfx=262144"
Player connection [49784] Host "[IP] 10.0.0.189 [Port] 0 [Flags] 2 [Guid] 4236697046 [EditorId] 4236697046 [Version] 1048832 [Id] WindowsEditor(7,MSI) [Debug] 1 [PackageName] WindowsEditor [ProjectName] Editor" joined multi-casting on [225.0.0.222:54997]...

Player connection [49784] Host "[IP] 10.0.0.189 [Port] 0 [Flags] 2 [Guid] 4236697046 [EditorId] 4236697046 [Version] 1048832 [Id] WindowsEditor(7,MSI) [Debug] 1 [PackageName] WindowsEditor [ProjectName] Editor" joined alternative multi-casting on [225.0.0.222:34997]...

Refreshing native plugins compatible for Editor in 35.70 ms, found 4 plugins.
Preloading 0 native plugins for Editor in 0.00 ms.
Initialize engine version: 2022.3.7f1 (b16b3b16c7a0)
[Subsystems] Discovering subsystems at path C:/Program Files/Unity/Hub/Editor/2022.3.7f1/Editor/Data/Resources/UnitySubsystems
[Subsystems] Discovering subsystems at path C:/Users/weiss/GitHub/Projects/DeckBuildingGame/CardGame/Assets
GfxDevice: creating device client; threaded=0; jobified=0
Direct3D:
    Version:  Direct3D 11.0 [level 11.1]
    Renderer: NVIDIA GeForce RTX 3060 Laptop GPU (ID=0x2520)
    Vendor:   NVIDIA
    VRAM:     6023 MB
    Driver:   30.0.15.1165
Initialize mono
Mono path[0] = 'C:/Program Files/Unity/Hub/Editor/2022.3.7f1/Editor/Data/Managed'
Mono path[1] = 'C:/Program Files/Unity/Hub/Editor/2022.3.7f1/Editor/Data/MonoBleedingEdge/lib/mono/unityjit-win32'
Mono config path = 'C:/Program Files/Unity/Hub/Editor/2022.3.7f1/Editor/Data/MonoBleedingEdge/etc'
Using monoOptions --debugger-agent=transport=dt_socket,embedding=1,server=y,suspend=n,address=127.0.0.1:56964
Begin MonoManager ReloadAssembly
Registering precompiled unity dll's ...
Register platform support module: C:/Program Files/Unity/Hub/Editor/2022.3.7f1/Editor/Data/PlaybackEngines/WebGLSupport/UnityEditor.WebGL.Extensions.dll
Register platform support module: C:/Program Files/Unity/Hub/Editor/2022.3.7f1/Editor/Data/PlaybackEngines/WindowsStandaloneSupport/UnityEditor.WindowsStandalone.Extensions.dll
Registered in 0.017671 seconds.
- Loaded All Assemblies, in  0.490 seconds
Native extension for WindowsStandalone target not found
Native extension for WebGL target not found
Mono: successfully reloaded assembly
- Finished resetting the current domain, in  0.252 seconds
Domain Reload Profiling: 740ms
	BeginReloadAssembly (156ms)
		ExecutionOrderSort (0ms)
		DisableScriptedObjects (0ms)
		BackupInstance (0ms)
		ReleaseScriptingObjects (0ms)
		CreateAndSetChildDomain (1ms)
	RebuildCommonClasses (41ms)
	RebuildNativeTypeToScriptingClass (15ms)
	initialDomainReloadingComplete (87ms)
	LoadAllAssembliesAndSetupDomain (189ms)
		LoadAssemblies (154ms)
		RebuildTransferFunctionScriptingTraits (0ms)
		AnalyzeDomain (185ms)
			TypeCache.Refresh (184ms)
				TypeCache.ScanAssembly (170ms)
			ScanForSourceGeneratedMonoScriptInfo (0ms)
			ResolveRequiredComponents (0ms)
	FinalizeReload (252ms)
		ReleaseScriptCaches (0ms)
		RebuildScriptCaches (0ms)
		SetupLoadedEditorAssemblies (190ms)
			LogAssemblyErrors (0ms)
			InitializePlatformSupportModulesInManaged (11ms)
			SetLoadedEditorAssemblies (5ms)
			RefreshPlugins (0ms)
			BeforeProcessingInitializeOnLoad (2ms)
			ProcessInitializeOnLoadAttributes (127ms)
			ProcessInitializeOnLoadMethodAttributes (44ms)
			AfterProcessingInitializeOnLoad (0ms)
			EditorAssembliesLoaded (0ms)
		ExecutionOrderSort2 (0ms)
		AwakeInstancesAfterBackupRestoration (0ms)
========================================================================
Worker process is ready to serve import requests
Begin MonoManager ReloadAssembly
Symbol file LoadedFromMemory doesn't match image C:\Users\weiss\GitHub\Projects\DeckBuildingGame\CardGame\Library\PackageCache\com.unity.visualscripting@1.8.0\Editor\VisualScripting.Core\Dependencies\YamlDotNet\Unity.VisualScripting.YamlDotNet.dll
Symbol file LoadedFromMemory doesn't match image C:\Users\weiss\GitHub\Projects\DeckBuildingGame\CardGame\Library\PackageCache\com.unity.visualscripting@1.8.0\Editor\VisualScripting.Core\Dependencies\DotNetZip\Unity.VisualScripting.IonicZip.dll
- Loaded All Assemblies, in  0.905 seconds
Refreshing native plugins compatible for Editor in 8.99 ms, found 4 plugins.
Native extension for WindowsStandalone target not found
Native extension for WebGL target not found
Mono: successfully reloaded assembly
- Finished resetting the current domain, in  0.696 seconds
Domain Reload Profiling: 1595ms
	BeginReloadAssembly (162ms)
		ExecutionOrderSort (0ms)
		DisableScriptedObjects (4ms)
		BackupInstance (0ms)
		ReleaseScriptingObjects (0ms)
		CreateAndSetChildDomain (22ms)
	RebuildCommonClasses (43ms)
	RebuildNativeTypeToScriptingClass (14ms)
	initialDomainReloadingComplete (51ms)
	LoadAllAssembliesAndSetupDomain (627ms)
		LoadAssemblies (527ms)
		RebuildTransferFunctionScriptingTraits (0ms)
		AnalyzeDomain (198ms)
			TypeCache.Refresh (164ms)
				TypeCache.ScanAssembly (144ms)
			ScanForSourceGeneratedMonoScriptInfo (28ms)
			ResolveRequiredComponents (4ms)
	FinalizeReload (697ms)
		ReleaseScriptCaches (0ms)
		RebuildScriptCaches (0ms)
		SetupLoadedEditorAssemblies (518ms)
			LogAssemblyErrors (0ms)
			InitializePlatformSupportModulesInManaged (10ms)
			SetLoadedEditorAssemblies (3ms)
			RefreshPlugins (0ms)
			BeforeProcessingInitializeOnLoad (73ms)
			ProcessInitializeOnLoadAttributes (380ms)
			ProcessInitializeOnLoadMethodAttributes (40ms)
			AfterProcessingInitializeOnLoad (12ms)
			EditorAssembliesLoaded (0ms)
		ExecutionOrderSort2 (0ms)
		AwakeInstancesAfterBackupRestoration (8ms)
Launched and connected shader compiler UnityShaderCompiler.exe after 0.09 seconds
Refreshing native plugins compatible for Editor in 9.63 ms, found 4 plugins.
Preloading 0 native plugins for Editor in 0.00 ms.
Unloading 4452 Unused Serialized files (Serialized files now loaded: 0)
Unloading 70 unused Assets / (62.2 KB). Loaded Objects now: 4916.
Memory consumption went from 149.4 MB to 149.3 MB.
Total: 5.743300 ms (FindLiveObjects: 0.502500 ms CreateObjectMapping: 0.300000 ms MarkObjects: 4.723900 ms  DeleteObjects: 0.215100 ms)

AssetImportParameters requested are different than current active one (requested -> active):
  custom:container-demuxer-ogg: 62fdf1f143b41e24485cea50d1cbac27 -> 
  custom:video-decoder-ogg-theora: a1e56fd34408186e4bbccfd4996cb3dc -> 
  custom:framework-win-MediaFoundation: 216162199b28c13a410421893ffa2e32 -> 
  custom:CustomObjectIndexerAttribute: 756ad292c208cfabdd7b50bc23989ffe -> 
  custom:container-demuxer-webm: 4f35f7cbe854078d1ac9338744f61a02 -> 
  custom:scripting/monoscript/fileName/StatType.cs: c9c6a08e055d46bd3bc139476a0825f2 -> 
  custom:container-muxer-webm: aa71ff27fc2769a1b78a27578f13a17b -> 
  custom:video-decoder-webm-vp8: 9c59270c3fd7afecdb556c50c9e8de78 -> 
  custom:SearchIndexIgnoredProperties: e643bd26f0fe6173181afceb89e7c659 -> 
  custom:AudioImporter_EditorPlatform: d09bf68614088b80899f8185d706f6e7 -> 
  custom:video-encoder-webm-vp8: eb34c28f22e8b96e1ab97ce403110664 -> 
  custom:audio-decoder-ogg-vorbis: bf7c407c2cedff20999df2af8eb42d56 -> 
  custom:audio-encoder-webm-vorbis: bf7c407c2cedff20999df2af8eb42d56 -> 
========================================================================
Received Import Request.
  Time since last request: 376685.199690 seconds.
  path: Assets/Sprites/Icon.6_26.png
  artifactKey: Guid(35745a1d43011914bac781a401a6970d) Importer(815301076,1909f56bfc062723c751e8b465ee728b)
Start importing Assets/Sprites/Icon.6_26.png using Guid(35745a1d43011914bac781a401a6970d) Importer(815301076,1909f56bfc062723c751e8b465ee728b)  -> (artifact id: 'd4a06b5d5672ae39deb7a95db0bcf250') in 0.118837 seconds
Number of updated asset objects reloaded before import = 0
Number of asset objects unloaded after import = 3
========================================================================
Received Import Request.
  Time since last request: 0.000036 seconds.
  path: Assets/Sprites/Icon.2_35.png
  artifactKey: Guid(cf92c560b82bada4c8f4f32f4e774f19) Importer(815301076,1909f56bfc062723c751e8b465ee728b)
Start importing Assets/Sprites/Icon.2_35.png using Guid(cf92c560b82bada4c8f4f32f4e774f19) Importer(815301076,1909f56bfc062723c751e8b465ee728b)  -> (artifact id: 'abbc44d80a71b32e672a2dd31367d4cc') in 0.030547 seconds
Number of updated asset objects reloaded before import = 0
Number of asset objects unloaded after import = 3
========================================================================
Received Import Request.
  Time since last request: 0.000019 seconds.
  path: Assets/Sprites/Icon.7_41.png
  artifactKey: Guid(f2c3c150dfe19144f92cc9491df90b00) Importer(815301076,1909f56bfc062723c751e8b465ee728b)
Start importing Assets/Sprites/Icon.7_41.png using Guid(f2c3c150dfe19144f92cc9491df90b00) Importer(815301076,1909f56bfc062723c751e8b465ee728b)  -> (artifact id: '4f621f6a8f742c81189f7dc6f412032d') in 0.026210 seconds
Number of updated asset objects reloaded before import = 0
Number of asset objects unloaded after import = 3
========================================================================
Received Import Request.
  Time since last request: 0.000018 seconds.
  path: Assets/Sprites/Icon.4_98.png
  artifactKey: Guid(b6e8fc2aa458c9b4e84bacca1ad39c92) Importer(815301076,1909f56bfc062723c751e8b465ee728b)
Start importing Assets/Sprites/Icon.4_98.png using Guid(b6e8fc2aa458c9b4e84bacca1ad39c92) Importer(815301076,1909f56bfc062723c751e8b465ee728b)  -> (artifact id: '5f017f4c87347bdfef819d39a26b2b69') in 0.029243 seconds
Number of updated asset objects reloaded before import = 0
Number of asset objects unloaded after import = 3
========================================================================
Received Import Request.
  Time since last request: 0.000017 seconds.
  path: Assets/Sprites/Icon.7_07.png
  artifactKey: Guid(d665afd3608d7b64d9a93666b14207a3) Importer(815301076,1909f56bfc062723c751e8b465ee728b)
Start importing Assets/Sprites/Icon.7_07.png using Guid(d665afd3608d7b64d9a93666b14207a3) Importer(815301076,1909f56bfc062723c751e8b465ee728b)  -> (artifact id: '1841bb8e207b5212331eb6d4d9ac9a5f') in 0.025801 seconds
Number of updated asset objects reloaded before import = 0
Number of asset objects unloaded after import = 3
========================================================================
Received Import Request.
  Time since last request: 0.000025 seconds.
  path: Assets/Sprites/Icon.7_77.png
  artifactKey: Guid(ea240f2a4b0e95e4a952c646752311d7) Importer(815301076,1909f56bfc062723c751e8b465ee728b)
Start importing Assets/Sprites/Icon.7_77.png using Guid(ea240f2a4b0e95e4a952c646752311d7) Importer(815301076,1909f56bfc062723c751e8b465ee728b)  -> (artifact id: 'd23004900e288de792beb89203dc28fc') in 0.027453 seconds
Number of updated asset objects reloaded before import = 0
Number of asset objects unloaded after import = 3
========================================================================
Received Import Request.
  Time since last request: 0.000072 seconds.
  path: Assets/Sprites/Icon.2_44.png
  artifactKey: Guid(22db97e8512d92942ad216bcb984fc3a) Importer(815301076,1909f56bfc062723c751e8b465ee728b)
Start importing Assets/Sprites/Icon.2_44.png using Guid(22db97e8512d92942ad216bcb984fc3a) Importer(815301076,1909f56bfc062723c751e8b465ee728b)  -> (artifact id: '015383d2ae90dbcf09595c4ee6e9097f') in 0.025011 seconds
Number of updated asset objects reloaded before import = 0
Number of asset objects unloaded after import = 3
========================================================================
Received Import Request.
  Time since last request: 0.000022 seconds.
  path: Assets/Sprites/Icons8_17.png
  artifactKey: Guid(24074d7106c81474d9f79c70fba3b971) Importer(815301076,1909f56bfc062723c751e8b465ee728b)
Start importing Assets/Sprites/Icons8_17.png using Guid(24074d7106c81474d9f79c70fba3b971) Importer(815301076,1909f56bfc062723c751e8b465ee728b)  -> (artifact id: 'f1bff70d696b4e9d8546af74e1e67266') in 0.024159 seconds
Number of updated asset objects reloaded before import = 0
Number of asset objects unloaded after import = 3
========================================================================
Received Import Request.
  Time since last request: 0.000020 seconds.
  path: Assets/Sprites/Icon.5_18.png
  artifactKey: Guid(10a916816fd15e843a7a369341001d7d) Importer(815301076,1909f56bfc062723c751e8b465ee728b)
Start importing Assets/Sprites/Icon.5_18.png using Guid(10a916816fd15e843a7a369341001d7d) Importer(815301076,1909f56bfc062723c751e8b465ee728b)  -> (artifact id: 'f072977ba2bf331866e9e7ed0186cfa2') in 0.025940 seconds
Number of updated asset objects reloaded before import = 0
Number of asset objects unloaded after import = 3
========================================================================
Received Import Request.
  Time since last request: 0.000036 seconds.
  path: Assets/Sprites/Icon.2_22.png
  artifactKey: Guid(ea070e4234146ce40a76010142da162e) Importer(815301076,1909f56bfc062723c751e8b465ee728b)
Start importing Assets/Sprites/Icon.2_22.png using Guid(ea070e4234146ce40a76010142da162e) Importer(815301076,1909f56bfc062723c751e8b465ee728b)  -> (artifact id: '85de9d8376eefc454abb8804cb023405') in 0.027291 seconds
Number of updated asset objects reloaded before import = 0
Number of asset objects unloaded after import = 3
========================================================================
Received Import Request.
  Time since last request: 0.000023 seconds.
  path: Assets/Sprites/Icon.5_88.png
  artifactKey: Guid(c1169d8364a172a408258d3704bacf2f) Importer(815301076,1909f56bfc062723c751e8b465ee728b)
Start importing Assets/Sprites/Icon.5_88.png using Guid(c1169d8364a172a408258d3704bacf2f) Importer(815301076,1909f56bfc062723c751e8b465ee728b)  -> (artifact id: '28a63480794f807a948508c24a082524') in 0.025385 seconds
Number of updated asset objects reloaded before import = 0
Number of asset objects unloaded after import = 3
========================================================================
Received Import Request.
  Time since last request: 0.000026 seconds.
  path: Assets/Sprites/Icon.7_93.png
  artifactKey: Guid(46a378a2e8bfcd04eb93e93fced2caeb) Importer(815301076,1909f56bfc062723c751e8b465ee728b)
Start importing Assets/Sprites/Icon.7_93.png using Guid(46a378a2e8bfcd04eb93e93fced2caeb) Importer(815301076,1909f56bfc062723c751e8b465ee728b)  -> (artifact id: '3109f99379363ef31bda090946038dd9') in 0.024878 seconds
Number of updated asset objects reloaded before import = 0
Number of asset objects unloaded after import = 3
========================================================================
Received Import Request.
  Time since last request: 0.000018 seconds.
  path: Assets/Sprites/Icon.3_21.png
  artifactKey: Guid(4840da50274816242893b8eadcbe45a5) Importer(815301076,1909f56bfc062723c751e8b465ee728b)
Start importing Assets/Sprites/Icon.3_21.png using Guid(4840da50274816242893b8eadcbe45a5) Importer(815301076,1909f56bfc062723c751e8b465ee728b)  -> (artifact id: '42518fc3770944dc52d1c78d1f96450b') in 0.036319 seconds
Number of updated asset objects reloaded before import = 0
Number of asset objects unloaded after import = 3
========================================================================
Received Import Request.
  Time since last request: 0.000015 seconds.
  path: Assets/Sprites/Icon.6_83.png
  artifactKey: Guid(c1c582e5065064a448828c163bec433b) Importer(815301076,1909f56bfc062723c751e8b465ee728b)
Start importing Assets/Sprites/Icon.6_83.png using Guid(c1c582e5065064a448828c163bec433b) Importer(815301076,1909f56bfc062723c751e8b465ee728b)  -> (artifact id: '1da7b5b8edeafa8cabed9653b677d897') in 0.026156 seconds
Number of updated asset objects reloaded before import = 0
Number of asset objects unloaded after import = 3
========================================================================
Received Import Request.
  Time since last request: 0.000024 seconds.
  path: Assets/Sprites/Icon.5_16.png
  artifactKey: Guid(330c1bf5b7aaa6a4d81d47784aa38dde) Importer(815301076,1909f56bfc062723c751e8b465ee728b)
Start importing Assets/Sprites/Icon.5_16.png using Guid(330c1bf5b7aaa6a4d81d47784aa38dde) Importer(815301076,1909f56bfc062723c751e8b465ee728b)  -> (artifact id: 'bb1d681dd8a68bdadb798dbe4af43bc5') in 0.028932 seconds
Number of updated asset objects reloaded before import = 0
Number of asset objects unloaded after import = 3
========================================================================
Received Import Request.
  Time since last request: 0.000023 seconds.
  path: Assets/Sprites/Icon.5_30.png
  artifactKey: Guid(d5c949fd30a772a42bb2c8e78f3ca6ba) Importer(815301076,1909f56bfc062723c751e8b465ee728b)
Start importing Assets/Sprites/Icon.5_30.png using Guid(d5c949fd30a772a42bb2c8e78f3ca6ba) Importer(815301076,1909f56bfc062723c751e8b465ee728b)  -> (artifact id: '61e0b33dab281ed2eae65344f8777d28') in 0.027960 seconds
Number of updated asset objects reloaded before import = 0
Number of asset objects unloaded after import = 3
========================================================================
Received Import Request.
  Time since last request: 0.000020 seconds.
  path: Assets/Sprites/Icon.4_07.png
  artifactKey: Guid(ebd410d7c9e2b8b47a805bf1096e03d3) Importer(815301076,1909f56bfc062723c751e8b465ee728b)
Start importing Assets/Sprites/Icon.4_07.png using Guid(ebd410d7c9e2b8b47a805bf1096e03d3) Importer(815301076,1909f56bfc062723c751e8b465ee728b)  -> (artifact id: 'f1c095d7412ee500896f2207a037b1df') in 0.026309 seconds
Number of updated asset objects reloaded before import = 0
Number of asset objects unloaded after import = 3
========================================================================
Received Import Request.
  Time since last request: 0.000019 seconds.
  path: Assets/Sprites/Icons8_37.png
  artifactKey: Guid(a0f623ef30d3e014d9ed55919fdff8ff) Importer(815301076,1909f56bfc062723c751e8b465ee728b)
Start importing Assets/Sprites/Icons8_37.png using Guid(a0f623ef30d3e014d9ed55919fdff8ff) Importer(815301076,1909f56bfc062723c751e8b465ee728b)  -> (artifact id: '4129f8c61d7cdb264993eb0cfb4e2738') in 0.032493 seconds
Number of updated asset objects reloaded before import = 0
Number of asset objects unloaded after import = 3
========================================================================
Received Import Request.
  Time since last request: 0.000023 seconds.
  path: Assets/Sprites/Icon.3_43.png
  artifactKey: Guid(84b85522b81bf7f459124f47281e3e5f) Importer(815301076,1909f56bfc062723c751e8b465ee728b)
Start importing Assets/Sprites/Icon.3_43.png using Guid(84b85522b81bf7f459124f47281e3e5f) Importer(815301076,1909f56bfc062723c751e8b465ee728b)  -> (artifact id: 'c7ce3cbcdc23c9bfcc9cbe899d40cebb') in 0.029753 seconds
Number of updated asset objects reloaded before import = 0
Number of asset objects unloaded after import = 3
========================================================================
Received Import Request.
  Time since last request: 0.000028 seconds.
  path: Assets/Sprites/Icon.3_31.png
  artifactKey: Guid(7bd6dca80d902f14992931eae11ea37b) Importer(815301076,1909f56bfc062723c751e8b465ee728b)
Start importing Assets/Sprites/Icon.3_31.png using Guid(7bd6dca80d902f14992931eae11ea37b) Importer(815301076,1909f56bfc062723c751e8b465ee728b)  -> (artifact id: '7f2c570a27085ed95c572f41e04e19dc') in 0.031546 seconds
Number of updated asset objects reloaded before import = 0
Number of asset objects unloaded after import = 3
========================================================================
Received Import Request.
  Time since last request: 0.000017 seconds.
  path: Assets/Sprites/Icon.3_08.png
  artifactKey: Guid(61e9defb9f477d94cb07f97a85b64319) Importer(815301076,1909f56bfc062723c751e8b465ee728b)
Start importing Assets/Sprites/Icon.3_08.png using Guid(61e9defb9f477d94cb07f97a85b64319) Importer(815301076,1909f56bfc062723c751e8b465ee728b)  -> (artifact id: '4727752a8549536f73382949eebd4ca3') in 0.034748 seconds
Number of updated asset objects reloaded before import = 0
Number of asset objects unloaded after import = 3
========================================================================
Received Import Request.
  Time since last request: 0.000019 seconds.
  path: Assets/Sprites/Icon.6_95.png
  artifactKey: Guid(b5090d769c2984b43a14c13eb08164c9) Importer(815301076,1909f56bfc062723c751e8b465ee728b)
Start importing Assets/Sprites/Icon.6_95.png using Guid(b5090d769c2984b43a14c13eb08164c9) Importer(815301076,1909f56bfc062723c751e8b465ee728b)  -> (artifact id: '6277ff9f139fac6c95016cedb12b85b4') in 0.025710 seconds
Number of updated asset objects reloaded before import = 0
Number of asset objects unloaded after import = 3
========================================================================
Received Import Request.
  Time since last request: 0.000016 seconds.
  path: Assets/Sprites/Icon.3_13.png
  artifactKey: Guid(ace7eebb578db5745a0b5014d7f16370) Importer(815301076,1909f56bfc062723c751e8b465ee728b)
Start importing Assets/Sprites/Icon.3_13.png using Guid(ace7eebb578db5745a0b5014d7f16370) Importer(815301076,1909f56bfc062723c751e8b465ee728b)  -> (artifact id: 'f787399b6dbad8d18db608151eeb2e28') in 0.026659 seconds
Number of updated asset objects reloaded before import = 0
Number of asset objects unloaded after import = 3
========================================================================
Received Import Request.
  Time since last request: 0.000014 seconds.
  path: Assets/Sprites/Icon.3_54.png
  artifactKey: Guid(60d75697a904e6143a936ca5e126796b) Importer(815301076,1909f56bfc062723c751e8b465ee728b)
Start importing Assets/Sprites/Icon.3_54.png using Guid(60d75697a904e6143a936ca5e126796b) Importer(815301076,1909f56bfc062723c751e8b465ee728b)  -> (artifact id: '8b13b5815b6dea0b98ea5cf37655b9ed') in 0.027303 seconds
Number of updated asset objects reloaded before import = 0
Number of asset objects unloaded after import = 3
========================================================================
Received Import Request.
  Time since last request: 0.000017 seconds.
  path: Assets/Sprites/Icon.1_14.png
  artifactKey: Guid(03dba8af59e8ef044be860a702577643) Importer(815301076,1909f56bfc062723c751e8b465ee728b)
Start importing Assets/Sprites/Icon.1_14.png using Guid(03dba8af59e8ef044be860a702577643) Importer(815301076,1909f56bfc062723c751e8b465ee728b)  -> (artifact id: '96a12ffae0f489826f958915c3973e70') in 0.030562 seconds
Number of updated asset objects reloaded before import = 0
Number of asset objects unloaded after import = 3
========================================================================
Received Import Request.
  Time since last request: 0.000018 seconds.
  path: Assets/Sprites/Icon.5_49.png
  artifactKey: Guid(6a793c666287fbf4db9c9a8e4010dd8c) Importer(815301076,1909f56bfc062723c751e8b465ee728b)
Start importing Assets/Sprites/Icon.5_49.png using Guid(6a793c666287fbf4db9c9a8e4010dd8c) Importer(815301076,1909f56bfc062723c751e8b465ee728b)  -> (artifact id: 'b0c1c6fdd942ffa0e2ef66cea8ad78d8') in 0.028900 seconds
Number of updated asset objects reloaded before import = 0
Number of asset objects unloaded after import = 3
========================================================================
Received Import Request.
  Time since last request: 0.000021 seconds.
  path: Assets/Sprites/Icon.2_47.png
  artifactKey: Guid(1bf9983f63b426c41a2b38cd0153420f) Importer(815301076,1909f56bfc062723c751e8b465ee728b)
Start importing Assets/Sprites/Icon.2_47.png using Guid(1bf9983f63b426c41a2b38cd0153420f) Importer(815301076,1909f56bfc062723c751e8b465ee728b)  -> (artifact id: '02597403b2bf05f82407b3febe3cdd57') in 0.025258 seconds
Number of updated asset objects reloaded before import = 0
Number of asset objects unloaded after import = 3
========================================================================
Received Import Request.
  Time since last request: 0.000029 seconds.
  path: Assets/Sprites/Icons8_47.png
  artifactKey: Guid(23f3a0fd5ed408746bde56b2937e40c4) Importer(815301076,1909f56bfc062723c751e8b465ee728b)
Start importing Assets/Sprites/Icons8_47.png using Guid(23f3a0fd5ed408746bde56b2937e40c4) Importer(815301076,1909f56bfc062723c751e8b465ee728b)  -> (artifact id: 'f8d1d47b68e5bd85da1e23761141f77b') in 0.026873 seconds
Number of updated asset objects reloaded before import = 0
Number of asset objects unloaded after import = 3
========================================================================
Received Import Request.
  Time since last request: 0.000021 seconds.
  path: Assets/Sprites/Icon.7_28.png
  artifactKey: Guid(3b6d1136864ab8d45a4ce30bdfe1727b) Importer(815301076,1909f56bfc062723c751e8b465ee728b)
Start importing Assets/Sprites/Icon.7_28.png using Guid(3b6d1136864ab8d45a4ce30bdfe1727b) Importer(815301076,1909f56bfc062723c751e8b465ee728b)  -> (artifact id: '6e9b84e4bf9060c85c72346bd2b6d7fe') in 0.026138 seconds
Number of updated asset objects reloaded before import = 0
Number of asset objects unloaded after import = 3
========================================================================
Received Import Request.
  Time since last request: 0.000019 seconds.
  path: Assets/Sprites/Icon.6_08.png
  artifactKey: Guid(33254e8fcd9b9994799156e59fd3dc69) Importer(815301076,1909f56bfc062723c751e8b465ee728b)
Start importing Assets/Sprites/Icon.6_08.png using Guid(33254e8fcd9b9994799156e59fd3dc69) Importer(815301076,1909f56bfc062723c751e8b465ee728b)  -> (artifact id: '51ce58784220cae9fbe2d93d03cfdaa8') in 0.024440 seconds
Number of updated asset objects reloaded before import = 0
Number of asset objects unloaded after import = 3
========================================================================
Received Import Request.
  Time since last request: 0.000020 seconds.
  path: Assets/Sprites/Icon.7_64.png
  artifactKey: Guid(75918464a46f1cf4586d310df76d9f5d) Importer(815301076,1909f56bfc062723c751e8b465ee728b)
Start importing Assets/Sprites/Icon.7_64.png using Guid(75918464a46f1cf4586d310df76d9f5d) Importer(815301076,1909f56bfc062723c751e8b465ee728b)  -> (artifact id: '7195f122fb794f8304dc01bcfcf00b19') in 0.027437 seconds
Number of updated asset objects reloaded before import = 0
Number of asset objects unloaded after import = 3
========================================================================
Received Import Request.
  Time since last request: 0.000015 seconds.
  path: Assets/Sprites/Icon.5_41.png
  artifactKey: Guid(3381c8cbee97dc041bc6124a829b5e56) Importer(815301076,1909f56bfc062723c751e8b465ee728b)
Start importing Assets/Sprites/Icon.5_41.png using Guid(3381c8cbee97dc041bc6124a829b5e56) Importer(815301076,1909f56bfc062723c751e8b465ee728b)  -> (artifact id: 'bacd311ff661417bc66c63bf90312cd6') in 0.024415 seconds
Number of updated asset objects reloaded before import = 0
Number of asset objects unloaded after import = 3
========================================================================
Received Import Request.
  Time since last request: 0.000018 seconds.
  path: Assets/Sprites/Icon.5_81.png
  artifactKey: Guid(5a405de5e5e6a814a866e3baccb997bd) Importer(815301076,1909f56bfc062723c751e8b465ee728b)
Start importing Assets/Sprites/Icon.5_81.png using Guid(5a405de5e5e6a814a866e3baccb997bd) Importer(815301076,1909f56bfc062723c751e8b465ee728b)  -> (artifact id: '53dd61f75464dfecfb0c5f9051cf3abd') in 0.021854 seconds
Number of updated asset objects reloaded before import = 0
Number of asset objects unloaded after import = 3
========================================================================
Received Import Request.
  Time since last request: 0.000061 seconds.
  path: Assets/Sprites/Icons8_38.png
  artifactKey: Guid(0275cc4553a4d734a9afd5307ea51ae6) Importer(815301076,1909f56bfc062723c751e8b465ee728b)
Start importing Assets/Sprites/Icons8_38.png using Guid(0275cc4553a4d734a9afd5307ea51ae6) Importer(815301076,1909f56bfc062723c751e8b465ee728b)  -> (artifact id: 'c4989b479c3184368c654fe62d2d5a66') in 0.026458 seconds
Number of updated asset objects reloaded before import = 0
Number of asset objects unloaded after import = 3
========================================================================
Received Import Request.
  Time since last request: 0.000035 seconds.
  path: Assets/Sprites/Icon.1_92.png
  artifactKey: Guid(1169d1acd0d6d7d4d9edf5536069f658) Importer(815301076,1909f56bfc062723c751e8b465ee728b)
Start importing Assets/Sprites/Icon.1_92.png using Guid(1169d1acd0d6d7d4d9edf5536069f658) Importer(815301076,1909f56bfc062723c751e8b465ee728b)  -> (artifact id: '101ec758899309c5ecf0d0c218e31658') in 0.025947 seconds
Number of updated asset objects reloaded before import = 0
Number of asset objects unloaded after import = 3
========================================================================
Received Import Request.
  Time since last request: 0.000017 seconds.
  path: Assets/Sprites/Icon.2_80.png
  artifactKey: Guid(6ffd7a44a6bb94d4d9f25239eab35dda) Importer(815301076,1909f56bfc062723c751e8b465ee728b)
Start importing Assets/Sprites/Icon.2_80.png using Guid(6ffd7a44a6bb94d4d9f25239eab35dda) Importer(815301076,1909f56bfc062723c751e8b465ee728b)  -> (artifact id: '3898499fa897ff2cf3c75e1678267e25') in 0.024026 seconds
Number of updated asset objects reloaded before import = 0
Number of asset objects unloaded after import = 3
========================================================================
Received Import Request.
  Time since last request: 0.000033 seconds.
  path: Assets/Sprites/Icon.7_25.png
  artifactKey: Guid(c227b505b46d027409ec6ada69adb75f) Importer(815301076,1909f56bfc062723c751e8b465ee728b)
Start importing Assets/Sprites/Icon.7_25.png using Guid(c227b505b46d027409ec6ada69adb75f) Importer(815301076,1909f56bfc062723c751e8b465ee728b)  -> (artifact id: '05356a0363e28bd38833da6ed4df3404') in 0.027886 seconds
Number of updated asset objects reloaded before import = 0
Number of asset objects unloaded after import = 3
========================================================================
Received Import Request.
  Time since last request: 0.000019 seconds.
  path: Assets/Sprites/Icon.4_71.png
  artifactKey: Guid(96cdd0e946f4b804d90473b33bee1e66) Importer(815301076,1909f56bfc062723c751e8b465ee728b)
Start importing Assets/Sprites/Icon.4_71.png using Guid(96cdd0e946f4b804d90473b33bee1e66) Importer(815301076,1909f56bfc062723c751e8b465ee728b)  -> (artifact id: '3ef06cc73f59c35bf57787f3bbb85be6') in 0.028529 seconds
Number of updated asset objects reloaded before import = 0
Number of asset objects unloaded after import = 3
========================================================================
Received Import Request.
  Time since last request: 0.000022 seconds.
  path: Assets/Sprites/Icon.4_17.png
  artifactKey: Guid(3c69849818bf8a34893af82892ea60c2) Importer(815301076,1909f56bfc062723c751e8b465ee728b)
Start importing Assets/Sprites/Icon.4_17.png using Guid(3c69849818bf8a34893af82892ea60c2) Importer(815301076,1909f56bfc062723c751e8b465ee728b)  -> (artifact id: 'b4804b450e01caf890b8157ba377a703') in 0.033966 seconds
Number of updated asset objects reloaded before import = 0
Number of asset objects unloaded after import = 3
========================================================================
Received Import Request.
  Time since last request: 0.000042 seconds.
  path: Assets/Sprites/Icon.2_94.png
  artifactKey: Guid(175c84b3fe6908a40886b4d7594b30b4) Importer(815301076,1909f56bfc062723c751e8b465ee728b)
Start importing Assets/Sprites/Icon.2_94.png using Guid(175c84b3fe6908a40886b4d7594b30b4) Importer(815301076,1909f56bfc062723c751e8b465ee728b)  -> (artifact id: '7ea84284110602a06d7ac01f6631c6b4') in 0.027624 seconds
Number of updated asset objects reloaded before import = 0
Number of asset objects unloaded after import = 3
========================================================================
Received Import Request.
  Time since last request: 0.000018 seconds.
  path: Assets/Sprites/Blood_Drake.png
  artifactKey: Guid(76e0add88afb4d843893fd11895457c4) Importer(815301076,1909f56bfc062723c751e8b465ee728b)
Start importing Assets/Sprites/Blood_Drake.png using Guid(76e0add88afb4d843893fd11895457c4) Importer(815301076,1909f56bfc062723c751e8b465ee728b)  -> (artifact id: 'dea7b2db2b3c5e13923e700502de41f8') in 0.026622 seconds
Number of updated asset objects reloaded before import = 0
Number of asset objects unloaded after import = 3
========================================================================
Received Import Request.
  Time since last request: 0.000022 seconds.
  path: Assets/Sprites/Icons8_41.png
  artifactKey: Guid(e97a62d6f72670444ba7d088574243a4) Importer(815301076,1909f56bfc062723c751e8b465ee728b)
Start importing Assets/Sprites/Icons8_41.png using Guid(e97a62d6f72670444ba7d088574243a4) Importer(815301076,1909f56bfc062723c751e8b465ee728b)  -> (artifact id: '90739481792284cd00560fff80f9aeff') in 0.032752 seconds
Number of updated asset objects reloaded before import = 0
Number of asset objects unloaded after import = 3
========================================================================
Received Import Request.
  Time since last request: 0.000022 seconds.
  path: Assets/Sprites/Icons8_57.png
  artifactKey: Guid(33b1fbcf1c9be814e812abde36fbd3c7) Importer(815301076,1909f56bfc062723c751e8b465ee728b)
Start importing Assets/Sprites/Icons8_57.png using Guid(33b1fbcf1c9be814e812abde36fbd3c7) Importer(815301076,1909f56bfc062723c751e8b465ee728b)  -> (artifact id: 'a96cbaa004fe81911b9e9b8f44b785b6') in 0.026221 seconds
Number of updated asset objects reloaded before import = 0
Number of asset objects unloaded after import = 3
========================================================================
Received Import Request.
  Time since last request: 0.000044 seconds.
  path: Assets/Sprites/Icon.4_67.png
  artifactKey: Guid(21b084e0680a3d643b481c24f580b1d6) Importer(815301076,1909f56bfc062723c751e8b465ee728b)
Start importing Assets/Sprites/Icon.4_67.png using Guid(21b084e0680a3d643b481c24f580b1d6) Importer(815301076,1909f56bfc062723c751e8b465ee728b)  -> (artifact id: 'ba374b450e9c123b1c4a0fbf1d674c66') in 0.026047 seconds
Number of updated asset objects reloaded before import = 0
Number of asset objects unloaded after import = 3
========================================================================
Received Import Request.
  Time since last request: 0.000018 seconds.
  path: Assets/Sprites/Icon.5_31.png
  artifactKey: Guid(0f16fd1264700394b9b929b1c875bf31) Importer(815301076,1909f56bfc062723c751e8b465ee728b)
Start importing Assets/Sprites/Icon.5_31.png using Guid(0f16fd1264700394b9b929b1c875bf31) Importer(815301076,1909f56bfc062723c751e8b465ee728b)  -> (artifact id: '9a387afdcddb40ce12174dabc060f91e') in 0.026730 seconds
Number of updated asset objects reloaded before import = 0
Number of asset objects unloaded after import = 3
========================================================================
Received Import Request.
  Time since last request: 0.000029 seconds.
  path: Assets/Sprites/Icons8_32.png
  artifactKey: Guid(c02df69034bdb2646946b729391a58ab) Importer(815301076,1909f56bfc062723c751e8b465ee728b)
Start importing Assets/Sprites/Icons8_32.png using Guid(c02df69034bdb2646946b729391a58ab) Importer(815301076,1909f56bfc062723c751e8b465ee728b)  -> (artifact id: 'c7bdeb6ddc4567b894f67ec2ed417ab2') in 0.026785 seconds
Number of updated asset objects reloaded before import = 0
Number of asset objects unloaded after import = 3
========================================================================
Received Import Request.
  Time since last request: 0.000022 seconds.
  path: Assets/Sprites/Icon.7_91.png
  artifactKey: Guid(a4c7eef711223dd408a5f20437393e35) Importer(815301076,1909f56bfc062723c751e8b465ee728b)
Start importing Assets/Sprites/Icon.7_91.png using Guid(a4c7eef711223dd408a5f20437393e35) Importer(815301076,1909f56bfc062723c751e8b465ee728b)  -> (artifact id: '4dd4724275206b54ad84a879223ea534') in 0.026303 seconds
Number of updated asset objects reloaded before import = 0
Number of asset objects unloaded after import = 3
========================================================================
Received Import Request.
  Time since last request: 0.000017 seconds.
  path: Assets/Sprites/Icons8_66.png
  artifactKey: Guid(8209a80a861a9884c9cc370461a93098) Importer(815301076,1909f56bfc062723c751e8b465ee728b)
Start importing Assets/Sprites/Icons8_66.png using Guid(8209a80a861a9884c9cc370461a93098) Importer(815301076,1909f56bfc062723c751e8b465ee728b)  -> (artifact id: '6be3f30575fb2dd0aa5e183b26be5520') in 0.026530 seconds
Number of updated asset objects reloaded before import = 0
Number of asset objects unloaded after import = 3
========================================================================
Received Import Request.
  Time since last request: 0.000023 seconds.
  path: Assets/Sprites/Icons8_22.png
  artifactKey: Guid(d5b5b4a2962e3ec43827e6fc43c98aa2) Importer(815301076,1909f56bfc062723c751e8b465ee728b)
Start importing Assets/Sprites/Icons8_22.png using Guid(d5b5b4a2962e3ec43827e6fc43c98aa2) Importer(815301076,1909f56bfc062723c751e8b465ee728b)  -> (artifact id: 'ddad4acd4ec33aabb984fea6c1adf4f8') in 0.028654 seconds
Number of updated asset objects reloaded before import = 0
Number of asset objects unloaded after import = 3
========================================================================
Received Import Request.
  Time since last request: 0.000026 seconds.
  path: Assets/Sprites/Icon.3_37.png
  artifactKey: Guid(3e2a395e9fc309e4eb06adbfa577539e) Importer(815301076,1909f56bfc062723c751e8b465ee728b)
Start importing Assets/Sprites/Icon.3_37.png using Guid(3e2a395e9fc309e4eb06adbfa577539e) Importer(815301076,1909f56bfc062723c751e8b465ee728b)  -> (artifact id: '23c02ac76565ccea477a0a8391c06462') in 0.024054 seconds
Number of updated asset objects reloaded before import = 0
Number of asset objects unloaded after import = 3
========================================================================
Received Import Request.
  Time since last request: 0.000064 seconds.
  path: Assets/Sprites/Icon.5_99.png
  artifactKey: Guid(a5ca307fb24c81d4fb24091d4f3621f9) Importer(815301076,1909f56bfc062723c751e8b465ee728b)
Start importing Assets/Sprites/Icon.5_99.png using Guid(a5ca307fb24c81d4fb24091d4f3621f9) Importer(815301076,1909f56bfc062723c751e8b465ee728b)  -> (artifact id: '46496f13e6ddec2694fccceae2e530b9') in 0.028495 seconds
Number of updated asset objects reloaded before import = 0
Number of asset objects unloaded after import = 3
========================================================================
Received Import Request.
  Time since last request: 0.000017 seconds.
  path: Assets/Sprites/Icon.4_83.png
  artifactKey: Guid(be067928a24ef474d981ffbe825a1d63) Importer(815301076,1909f56bfc062723c751e8b465ee728b)
Start importing Assets/Sprites/Icon.4_83.png using Guid(be067928a24ef474d981ffbe825a1d63) Importer(815301076,1909f56bfc062723c751e8b465ee728b)  -> (artifact id: '212389c59d74ab4dd143326a9cd92ed5') in 0.025938 seconds
Number of updated asset objects reloaded before import = 0
Number of asset objects unloaded after import = 3
========================================================================
Received Import Request.
  Time since last request: 0.000026 seconds.
  path: Assets/Sprites/Icon.4_35.png
  artifactKey: Guid(cd82ea854940a7f4d86d68454981204e) Importer(815301076,1909f56bfc062723c751e8b465ee728b)
Start importing Assets/Sprites/Icon.4_35.png using Guid(cd82ea854940a7f4d86d68454981204e) Importer(815301076,1909f56bfc062723c751e8b465ee728b)  -> (artifact id: 'd94a660ce53a69b105bc940de483470e') in 0.025692 seconds
Number of updated asset objects reloaded before import = 0
Number of asset objects unloaded after import = 3
========================================================================
Received Import Request.
  Time since last request: 0.000018 seconds.
  path: Assets/Sprites/Icon.1_99.png
  artifactKey: Guid(e847359436420b24888b2f5dafb8d4c1) Importer(815301076,1909f56bfc062723c751e8b465ee728b)
Start importing Assets/Sprites/Icon.1_99.png using Guid(e847359436420b24888b2f5dafb8d4c1) Importer(815301076,1909f56bfc062723c751e8b465ee728b)  -> (artifact id: '41547cb0b83c424ab6a4f797d0303276') in 0.025406 seconds
Number of updated asset objects reloaded before import = 0
Number of asset objects unloaded after import = 3
========================================================================
Received Import Request.
  Time since last request: 0.000024 seconds.
  path: Assets/Sprites/Icon.1_77.png
  artifactKey: Guid(9e4d1e275b8aeae429a17352a6fea4f3) Importer(815301076,1909f56bfc062723c751e8b465ee728b)
Start importing Assets/Sprites/Icon.1_77.png using Guid(9e4d1e275b8aeae429a17352a6fea4f3) Importer(815301076,1909f56bfc062723c751e8b465ee728b)  -> (artifact id: '3a113d97842b1d9f16a7d97cf48ba340') in 0.027255 seconds
Number of updated asset objects reloaded before import = 0
Number of asset objects unloaded after import = 3
========================================================================
Received Import Request.
  Time since last request: 0.000053 seconds.
  path: Assets/Sprites/Icon.6_86.png
  artifactKey: Guid(bdedf3a31adab894f80968f316fd30c1) Importer(815301076,1909f56bfc062723c751e8b465ee728b)
Start importing Assets/Sprites/Icon.6_86.png using Guid(bdedf3a31adab894f80968f316fd30c1) Importer(815301076,1909f56bfc062723c751e8b465ee728b)  -> (artifact id: '13febfd9a184fbc3e82d5e98db72d4cf') in 0.024256 seconds
Number of updated asset objects reloaded before import = 0
Number of asset objects unloaded after import = 3
========================================================================
Received Import Request.
  Time since last request: 0.000036 seconds.
  path: Assets/Sprites/Icon.7_42.png
  artifactKey: Guid(a28bbc94b2af1c04e844febb9d9449cc) Importer(815301076,1909f56bfc062723c751e8b465ee728b)
Start importing Assets/Sprites/Icon.7_42.png using Guid(a28bbc94b2af1c04e844febb9d9449cc) Importer(815301076,1909f56bfc062723c751e8b465ee728b)  -> (artifact id: '37b15ce8578ee53f4917de006668f7f9') in 0.025381 seconds
Number of updated asset objects reloaded before import = 0
Number of asset objects unloaded after import = 3
========================================================================
Received Import Request.
  Time since last request: 0.000036 seconds.
  path: Assets/Sprites/Icon.5_98.png
  artifactKey: Guid(1578582a3f0b855458d51d48e4a0dd1e) Importer(815301076,1909f56bfc062723c751e8b465ee728b)
Start importing Assets/Sprites/Icon.5_98.png using Guid(1578582a3f0b855458d51d48e4a0dd1e) Importer(815301076,1909f56bfc062723c751e8b465ee728b)  -> (artifact id: 'b15ea572306e534f6f0f4980d308bb76') in 0.071927 seconds
Number of updated asset objects reloaded before import = 0
Number of asset objects unloaded after import = 3
========================================================================
Received Import Request.
  Time since last request: 0.000021 seconds.
  path: Assets/Sprites/Icon.4_20.png
  artifactKey: Guid(18d30281b1a757f4c846aadebc00b477) Importer(815301076,1909f56bfc062723c751e8b465ee728b)
Start importing Assets/Sprites/Icon.4_20.png using Guid(18d30281b1a757f4c846aadebc00b477) Importer(815301076,1909f56bfc062723c751e8b465ee728b)  -> (artifact id: 'e41a31e8c1cf83a8cb7ffd553b9c7ac2') in 0.060023 seconds
Number of updated asset objects reloaded before import = 0
Number of asset objects unloaded after import = 3
========================================================================
Received Import Request.
  Time since last request: 0.000030 seconds.
  path: Assets/Sprites/Icon.7_09.png
  artifactKey: Guid(370e2d3a3c33821468eb4b1c9c77f160) Importer(815301076,1909f56bfc062723c751e8b465ee728b)
Start importing Assets/Sprites/Icon.7_09.png using Guid(370e2d3a3c33821468eb4b1c9c77f160) Importer(815301076,1909f56bfc062723c751e8b465ee728b)  -> (artifact id: '35698fa0f062eb6e19c4bd34372c6aaf') in 0.029574 seconds
Number of updated asset objects reloaded before import = 0
Number of asset objects unloaded after import = 3
========================================================================
Received Import Request.
  Time since last request: 0.000026 seconds.
  path: Assets/Sprites/Icon.1_10.png
  artifactKey: Guid(8ff58a95552d2064f914cd1c49d51b8a) Importer(815301076,1909f56bfc062723c751e8b465ee728b)
Start importing Assets/Sprites/Icon.1_10.png using Guid(8ff58a95552d2064f914cd1c49d51b8a) Importer(815301076,1909f56bfc062723c751e8b465ee728b)  -> (artifact id: 'ffba831f97030ab02ea23ed2709bdaaf') in 0.026316 seconds
Number of updated asset objects reloaded before import = 0
Number of asset objects unloaded after import = 3
========================================================================
Received Import Request.
  Time since last request: 0.000016 seconds.
  path: Assets/Sprites/Icon.7_100.png
  artifactKey: Guid(7a737b74a45568f469870d8ee9159f58) Importer(815301076,1909f56bfc062723c751e8b465ee728b)
Start importing Assets/Sprites/Icon.7_100.png using Guid(7a737b74a45568f469870d8ee9159f58) Importer(815301076,1909f56bfc062723c751e8b465ee728b)  -> (artifact id: '1e7c5bf398e92f91283572a02c608ab5') in 0.028380 seconds
Number of updated asset objects reloaded before import = 0
Number of asset objects unloaded after import = 3
========================================================================
Received Import Request.
  Time since last request: 0.000022 seconds.
  path: Assets/Sprites/Icon.4_79.png
  artifactKey: Guid(e3598c63c6289a947bac5ac4a2c94765) Importer(815301076,1909f56bfc062723c751e8b465ee728b)
Start importing Assets/Sprites/Icon.4_79.png using Guid(e3598c63c6289a947bac5ac4a2c94765) Importer(815301076,1909f56bfc062723c751e8b465ee728b)  -> (artifact id: '67d17f67b4983dabc74c9d9807982073') in 0.031908 seconds
Number of updated asset objects reloaded before import = 0
Number of asset objects unloaded after import = 3
========================================================================
Received Import Request.
  Time since last request: 0.000021 seconds.
  path: Assets/Sprites/Icon.4_25.png
  artifactKey: Guid(86a576568ebadeb4ba7cb6b0d3d8a3d6) Importer(815301076,1909f56bfc062723c751e8b465ee728b)
Start importing Assets/Sprites/Icon.4_25.png using Guid(86a576568ebadeb4ba7cb6b0d3d8a3d6) Importer(815301076,1909f56bfc062723c751e8b465ee728b)  -> (artifact id: '4cff060b33b87d664d1d62193094e74e') in 0.024851 seconds
Number of updated asset objects reloaded before import = 0
Number of asset objects unloaded after import = 3
========================================================================
Received Import Request.
  Time since last request: 0.000027 seconds.
  path: Assets/Sprites/Icon.4_63.png
  artifactKey: Guid(b2f8e8e39c3481b498f64e0f3641a644) Importer(815301076,1909f56bfc062723c751e8b465ee728b)
Start importing Assets/Sprites/Icon.4_63.png using Guid(b2f8e8e39c3481b498f64e0f3641a644) Importer(815301076,1909f56bfc062723c751e8b465ee728b)  -> (artifact id: '633f3b0dd441f8ef93074fda6a40de86') in 0.029083 seconds
Number of updated asset objects reloaded before import = 0
Number of asset objects unloaded after import = 3
========================================================================
Received Import Request.
  Time since last request: 0.000024 seconds.
  path: Assets/Sprites/Icon.5_75.png
  artifactKey: Guid(24174d696851975408a6e44207771c20) Importer(815301076,1909f56bfc062723c751e8b465ee728b)
Start importing Assets/Sprites/Icon.5_75.png using Guid(24174d696851975408a6e44207771c20) Importer(815301076,1909f56bfc062723c751e8b465ee728b)  -> (artifact id: 'a211a4cd735083e07e965ebbb829f745') in 0.027858 seconds
Number of updated asset objects reloaded before import = 0
Number of asset objects unloaded after import = 3
========================================================================
Received Import Request.
  Time since last request: 0.000023 seconds.
  path: Assets/Sprites/Icon.4_55.png
  artifactKey: Guid(2f27a0d761886e54da149f5b04bb92b3) Importer(815301076,1909f56bfc062723c751e8b465ee728b)
Start importing Assets/Sprites/Icon.4_55.png using Guid(2f27a0d761886e54da149f5b04bb92b3) Importer(815301076,1909f56bfc062723c751e8b465ee728b)  -> (artifact id: 'bffd2c22d2a7bf5e9fc6f6ff18a5c36c') in 0.024508 seconds
Number of updated asset objects reloaded before import = 0
Number of asset objects unloaded after import = 3
========================================================================
Received Import Request.
  Time since last request: 0.000035 seconds.
  path: Assets/Sprites/Icons8_04.png
  artifactKey: Guid(67659385fd53469479331581d6d6efdb) Importer(815301076,1909f56bfc062723c751e8b465ee728b)
Start importing Assets/Sprites/Icons8_04.png using Guid(67659385fd53469479331581d6d6efdb) Importer(815301076,1909f56bfc062723c751e8b465ee728b)  -> (artifact id: '9092a817b46aab68ec0281c1d92893d4') in 0.022910 seconds
Number of updated asset objects reloaded before import = 0
Number of asset objects unloaded after import = 3
========================================================================
Received Import Request.
  Time since last request: 0.000018 seconds.
  path: Assets/Sprites/Icon.5_47.png
  artifactKey: Guid(bfdc791cb41df994580d1c1a6163e64f) Importer(815301076,1909f56bfc062723c751e8b465ee728b)
Start importing Assets/Sprites/Icon.5_47.png using Guid(bfdc791cb41df994580d1c1a6163e64f) Importer(815301076,1909f56bfc062723c751e8b465ee728b)  -> (artifact id: 'e79d7f50c24602ac310d0141c723c12f') in 0.024265 seconds
Number of updated asset objects reloaded before import = 0
Number of asset objects unloaded after import = 3
========================================================================
Received Import Request.
  Time since last request: 0.000015 seconds.
  path: Assets/Sprites/Icon.3_34.png
  artifactKey: Guid(6afdd57e81c44cc43ab91640471de1f7) Importer(815301076,1909f56bfc062723c751e8b465ee728b)
Start importing Assets/Sprites/Icon.3_34.png using Guid(6afdd57e81c44cc43ab91640471de1f7) Importer(815301076,1909f56bfc062723c751e8b465ee728b)  -> (artifact id: '5d48ace27c2d1118593720ad4cf7a1a0') in 0.026810 seconds
Number of updated asset objects reloaded before import = 0
Number of asset objects unloaded after import = 3
========================================================================
Received Import Request.
  Time since last request: 0.000016 seconds.
  path: Assets/Sprites/Icon.7_23.png
  artifactKey: Guid(1f2e95ae3e71926409546b49cf14cb14) Importer(815301076,1909f56bfc062723c751e8b465ee728b)
Start importing Assets/Sprites/Icon.7_23.png using Guid(1f2e95ae3e71926409546b49cf14cb14) Importer(815301076,1909f56bfc062723c751e8b465ee728b)  -> (artifact id: 'c50c18c10072e74fd9e7c087affa4fb6') in 0.026720 seconds
Number of updated asset objects reloaded before import = 0
Number of asset objects unloaded after import = 3
========================================================================
Received Import Request.
  Time since last request: 0.000014 seconds.
  path: Assets/Sprites/Icon.3_74.png
  artifactKey: Guid(a01960222208e6943a81dacd6448d0e1) Importer(815301076,1909f56bfc062723c751e8b465ee728b)
Start importing Assets/Sprites/Icon.3_74.png using Guid(a01960222208e6943a81dacd6448d0e1) Importer(815301076,1909f56bfc062723c751e8b465ee728b)  -> (artifact id: '98a73fb7ae5d24c2d0a62cbf8b3beb70') in 0.024975 seconds
Number of updated asset objects reloaded before import = 0
Number of asset objects unloaded after import = 3
========================================================================
Received Import Request.
  Time since last request: 0.000017 seconds.
  path: Assets/Sprites/Icon.5_32.png
  artifactKey: Guid(1bead1ed34ff2404fbda8bccdba6d95e) Importer(815301076,1909f56bfc062723c751e8b465ee728b)
Start importing Assets/Sprites/Icon.5_32.png using Guid(1bead1ed34ff2404fbda8bccdba6d95e) Importer(815301076,1909f56bfc062723c751e8b465ee728b)  -> (artifact id: '19b5a3bbe05549be176dd489c5d98cd7') in 0.026307 seconds
Number of updated asset objects reloaded before import = 0
Number of asset objects unloaded after import = 3
========================================================================
Received Import Request.
  Time since last request: 0.000022 seconds.
  path: Assets/Sprites/Icon.7_92.png
  artifactKey: Guid(67740d1ca4ed58a4fa99633a1baa29ca) Importer(815301076,1909f56bfc062723c751e8b465ee728b)
Start importing Assets/Sprites/Icon.7_92.png using Guid(67740d1ca4ed58a4fa99633a1baa29ca) Importer(815301076,1909f56bfc062723c751e8b465ee728b)  -> (artifact id: '671f75b4a4fe60900cc540b1675c40be') in 0.027416 seconds
Number of updated asset objects reloaded before import = 0
Number of asset objects unloaded after import = 3
========================================================================
Received Import Request.
  Time since last request: 0.000016 seconds.
  path: Assets/Sprites/Icon.3_29.png
  artifactKey: Guid(cbecd3fc8923c344090440243d07f6fd) Importer(815301076,1909f56bfc062723c751e8b465ee728b)
Start importing Assets/Sprites/Icon.3_29.png using Guid(cbecd3fc8923c344090440243d07f6fd) Importer(815301076,1909f56bfc062723c751e8b465ee728b)  -> (artifact id: 'de4927e72f43363fd6473073fd7011f9') in 0.029014 seconds
Number of updated asset objects reloaded before import = 0
Number of asset objects unloaded after import = 3
========================================================================
Received Import Request.
  Time since last request: 0.000031 seconds.
  path: Assets/Sprites/Icon.5_69.png
  artifactKey: Guid(7a1a4786450854944aeab9e00668ca95) Importer(815301076,1909f56bfc062723c751e8b465ee728b)
Start importing Assets/Sprites/Icon.5_69.png using Guid(7a1a4786450854944aeab9e00668ca95) Importer(815301076,1909f56bfc062723c751e8b465ee728b)  -> (artifact id: '419d7b4589c21a94a66059c6941dab30') in 0.029465 seconds
Number of updated asset objects reloaded before import = 0
Number of asset objects unloaded after import = 3
========================================================================
Received Import Request.
  Time since last request: 0.000033 seconds.
  path: Assets/Sprites/Icon.2_65.png
  artifactKey: Guid(bfd715c4c5abbe74fa3deb9b6be43e47) Importer(815301076,1909f56bfc062723c751e8b465ee728b)
Start importing Assets/Sprites/Icon.2_65.png using Guid(bfd715c4c5abbe74fa3deb9b6be43e47) Importer(815301076,1909f56bfc062723c751e8b465ee728b)  -> (artifact id: '4b3f5913e4cca03e1ff11b19a597d357') in 0.029708 seconds
Number of updated asset objects reloaded before import = 0
Number of asset objects unloaded after import = 3
========================================================================
Received Import Request.
  Time since last request: 0.000020 seconds.
  path: Assets/Sprites/Icons8_67.png
  artifactKey: Guid(080533e5b9155d64181a172a668bad6e) Importer(815301076,1909f56bfc062723c751e8b465ee728b)
Start importing Assets/Sprites/Icons8_67.png using Guid(080533e5b9155d64181a172a668bad6e) Importer(815301076,1909f56bfc062723c751e8b465ee728b)  -> (artifact id: '2309b132554d34e1d602d3751b0561ea') in 0.028571 seconds
Number of updated asset objects reloaded before import = 0
Number of asset objects unloaded after import = 3
========================================================================
Received Import Request.
  Time since last request: 0.000018 seconds.
  path: Assets/Sprites/Icon.3_19.png
  artifactKey: Guid(1cae18f87bf42714a8a1352bd715390d) Importer(815301076,1909f56bfc062723c751e8b465ee728b)
Start importing Assets/Sprites/Icon.3_19.png using Guid(1cae18f87bf42714a8a1352bd715390d) Importer(815301076,1909f56bfc062723c751e8b465ee728b)  -> (artifact id: 'b9ddbb9591316e7819e8a7d2decc2227') in 0.023476 seconds
Number of updated asset objects reloaded before import = 0
Number of asset objects unloaded after import = 3
========================================================================
Received Import Request.
  Time since last request: 0.000021 seconds.
  path: Assets/Sprites/Icon.3_03.png
  artifactKey: Guid(8cf0fe5915722074f84b3eb4e1cd2615) Importer(815301076,1909f56bfc062723c751e8b465ee728b)
Start importing Assets/Sprites/Icon.3_03.png using Guid(8cf0fe5915722074f84b3eb4e1cd2615) Importer(815301076,1909f56bfc062723c751e8b465ee728b)  -> (artifact id: 'fee88ba89b5e7f434d7944c8114cebc1') in 0.024568 seconds
Number of updated asset objects reloaded before import = 0
Number of asset objects unloaded after import = 3
========================================================================
Received Import Request.
  Time since last request: 0.000022 seconds.
  path: Assets/Sprites/Icon.5_87.png
  artifactKey: Guid(eea4b4c8182ab2e478c8992bf579457b) Importer(815301076,1909f56bfc062723c751e8b465ee728b)
Start importing Assets/Sprites/Icon.5_87.png using Guid(eea4b4c8182ab2e478c8992bf579457b) Importer(815301076,1909f56bfc062723c751e8b465ee728b)  -> (artifact id: 'b6c8453469a33baf876e0d9cd19d99fd') in 0.025874 seconds
Number of updated asset objects reloaded before import = 0
Number of asset objects unloaded after import = 3
========================================================================
Received Import Request.
  Time since last request: 0.000014 seconds.
  path: Assets/Sprites/Icon.4_05.png
  artifactKey: Guid(dcd33d5c22e1188489292f96fbf3c91a) Importer(815301076,1909f56bfc062723c751e8b465ee728b)
Start importing Assets/Sprites/Icon.4_05.png using Guid(dcd33d5c22e1188489292f96fbf3c91a) Importer(815301076,1909f56bfc062723c751e8b465ee728b)  -> (artifact id: '79072365aca7cdd5802bf12c152b6713') in 0.026063 seconds
Number of updated asset objects reloaded before import = 0
Number of asset objects unloaded after import = 3
========================================================================
Received Import Request.
  Time since last request: 0.000019 seconds.
  path: Assets/Sprites/Icon.4_97.png
  artifactKey: Guid(f87e2a2d5030c204494dd241ddf56679) Importer(815301076,1909f56bfc062723c751e8b465ee728b)
Start importing Assets/Sprites/Icon.4_97.png using Guid(f87e2a2d5030c204494dd241ddf56679) Importer(815301076,1909f56bfc062723c751e8b465ee728b)  -> (artifact id: 'ae73eeaf7218270264e35f2516ea0c63') in 0.026098 seconds
Number of updated asset objects reloaded before import = 0
Number of asset objects unloaded after import = 3
========================================================================
Received Import Request.
  Time since last request: 0.000015 seconds.
  path: Assets/Sprites/Icon.4_06.png
  artifactKey: Guid(a3d9d695b7a08304a936498d790577d5) Importer(815301076,1909f56bfc062723c751e8b465ee728b)
Start importing Assets/Sprites/Icon.4_06.png using Guid(a3d9d695b7a08304a936498d790577d5) Importer(815301076,1909f56bfc062723c751e8b465ee728b)  -> (artifact id: 'f13425205712766dd3a8b593e17220ff') in 0.024730 seconds
Number of updated asset objects reloaded before import = 0
Number of asset objects unloaded after import = 3
========================================================================
Received Import Request.
  Time since last request: 0.000020 seconds.
  path: Assets/Sprites/Icon.6_65.png
  artifactKey: Guid(b7a24320bbb5d1349b5de60d16f9a0e4) Importer(815301076,1909f56bfc062723c751e8b465ee728b)
Start importing Assets/Sprites/Icon.6_65.png using Guid(b7a24320bbb5d1349b5de60d16f9a0e4) Importer(815301076,1909f56bfc062723c751e8b465ee728b)  -> (artifact id: 'ac4bf74997882a79ca5865978a7adf44') in 0.029082 seconds
Number of updated asset objects reloaded before import = 0
Number of asset objects unloaded after import = 3
========================================================================
Received Import Request.
  Time since last request: 0.000033 seconds.
  path: Assets/Sprites/Icons8_40.png
  artifactKey: Guid(796840729e26ead40921adc4fca69a33) Importer(815301076,1909f56bfc062723c751e8b465ee728b)
Start importing Assets/Sprites/Icons8_40.png using Guid(796840729e26ead40921adc4fca69a33) Importer(815301076,1909f56bfc062723c751e8b465ee728b)  -> (artifact id: '5b6206fe481b04fad5ba367c86639081') in 0.028429 seconds
Number of updated asset objects reloaded before import = 0
Number of asset objects unloaded after import = 3
========================================================================
Received Import Request.
  Time since last request: 0.000018 seconds.
  path: Assets/Sprites/Icon.1_83.png
  artifactKey: Guid(17721092decb993439b29c9a45293c38) Importer(815301076,1909f56bfc062723c751e8b465ee728b)
Start importing Assets/Sprites/Icon.1_83.png using Guid(17721092decb993439b29c9a45293c38) Importer(815301076,1909f56bfc062723c751e8b465ee728b)  -> (artifact id: '317541f52bd7ba1625fafd7eca357a0b') in 0.024526 seconds
Number of updated asset objects reloaded before import = 0
Number of asset objects unloaded after import = 3
========================================================================
Received Import Request.
  Time since last request: 0.000030 seconds.
  path: Assets/Sprites/Icon.5_53.png
  artifactKey: Guid(621f66820d69eda40982f3a781271632) Importer(815301076,1909f56bfc062723c751e8b465ee728b)
Start importing Assets/Sprites/Icon.5_53.png using Guid(621f66820d69eda40982f3a781271632) Importer(815301076,1909f56bfc062723c751e8b465ee728b)  -> (artifact id: '1e98999787d6f6056704282df3401eaa') in 0.032517 seconds
Number of updated asset objects reloaded before import = 0
Number of asset objects unloaded after import = 3
========================================================================
Received Import Request.
  Time since last request: 0.000021 seconds.
  path: Assets/Sprites/Icons8_84.png
  artifactKey: Guid(67db9a60ffd538745899a1252bf7c6ae) Importer(815301076,1909f56bfc062723c751e8b465ee728b)
Start importing Assets/Sprites/Icons8_84.png using Guid(67db9a60ffd538745899a1252bf7c6ae) Importer(815301076,1909f56bfc062723c751e8b465ee728b)  -> (artifact id: '70fcd18cc0c3508246e76b70285f0244') in 0.024524 seconds
Number of updated asset objects reloaded before import = 0
Number of asset objects unloaded after import = 3
========================================================================
Received Import Request.
  Time since last request: 0.000018 seconds.
  path: Assets/Sprites/Icon.6_94.png
  artifactKey: Guid(86a2438b0bf1f3d4e9d466673fc1d9d0) Importer(815301076,1909f56bfc062723c751e8b465ee728b)
Start importing Assets/Sprites/Icon.6_94.png using Guid(86a2438b0bf1f3d4e9d466673fc1d9d0) Importer(815301076,1909f56bfc062723c751e8b465ee728b)  -> (artifact id: 'cdc4d41241bbe06d31d34601618b6e76') in 0.022144 seconds
Number of updated asset objects reloaded before import = 0
Number of asset objects unloaded after import = 3
========================================================================
Received Import Request.
  Time since last request: 0.000034 seconds.
  path: Assets/Sprites/Icon.3_55.png
  artifactKey: Guid(4380a8a003fc5484f905c89fb3b4dbce) Importer(815301076,1909f56bfc062723c751e8b465ee728b)
Start importing Assets/Sprites/Icon.3_55.png using Guid(4380a8a003fc5484f905c89fb3b4dbce) Importer(815301076,1909f56bfc062723c751e8b465ee728b)  -> (artifact id: '0e213a1df978f170afd95e97ddc0fcf3') in 0.025735 seconds
Number of updated asset objects reloaded before import = 0
Number of asset objects unloaded after import = 3
========================================================================
Received Import Request.
  Time since last request: 0.000022 seconds.
  path: Assets/Sprites/Icon.3_58.png
  artifactKey: Guid(05712d48455fc9f49979b46c319a63f4) Importer(815301076,1909f56bfc062723c751e8b465ee728b)
Start importing Assets/Sprites/Icon.3_58.png using Guid(05712d48455fc9f49979b46c319a63f4) Importer(815301076,1909f56bfc062723c751e8b465ee728b)  -> (artifact id: '5c92bab06ec863224a4f318bfd410ecf') in 0.025267 seconds
Number of updated asset objects reloaded before import = 0
Number of asset objects unloaded after import = 3
========================================================================
Received Import Request.
  Time since last request: 0.000051 seconds.
  path: Assets/Sprites/Icon.5_14.png
  artifactKey: Guid(930846aa59ec97f438e795429facf865) Importer(815301076,1909f56bfc062723c751e8b465ee728b)
Start importing Assets/Sprites/Icon.5_14.png using Guid(930846aa59ec97f438e795429facf865) Importer(815301076,1909f56bfc062723c751e8b465ee728b)  -> (artifact id: '0a9492644f1b9fc94789c83f1582a3b2') in 0.028484 seconds
Number of updated asset objects reloaded before import = 0
Number of asset objects unloaded after import = 3
========================================================================
Received Import Request.
  Time since last request: 0.000022 seconds.
  path: Assets/Sprites/Icon.6_62.png
  artifactKey: Guid(69a43cf8c43afde4fbbdc40a8d4dbca1) Importer(815301076,1909f56bfc062723c751e8b465ee728b)
Start importing Assets/Sprites/Icon.6_62.png using Guid(69a43cf8c43afde4fbbdc40a8d4dbca1) Importer(815301076,1909f56bfc062723c751e8b465ee728b)  -> (artifact id: '147264b1aed6ba69d947a987a1c6428a') in 0.028605 seconds
Number of updated asset objects reloaded before import = 0
Number of asset objects unloaded after import = 3
========================================================================
Received Import Request.
  Time since last request: 0.000070 seconds.
  path: Assets/Sprites/Icon.4_78.png
  artifactKey: Guid(09d6389342219e442beb7d64ff3245fa) Importer(815301076,1909f56bfc062723c751e8b465ee728b)
Start importing Assets/Sprites/Icon.4_78.png using Guid(09d6389342219e442beb7d64ff3245fa) Importer(815301076,1909f56bfc062723c751e8b465ee728b)  -> (artifact id: '9bc5f13e10af2e7586e825a07c99214b') in 0.030654 seconds
Number of updated asset objects reloaded before import = 0
Number of asset objects unloaded after import = 3
========================================================================
Received Import Request.
  Time since last request: 0.000018 seconds.
  path: Assets/Sprites/Icon.5_23.png
  artifactKey: Guid(9ffe66b254182d24b974b7f0bb1c5fec) Importer(815301076,1909f56bfc062723c751e8b465ee728b)
Start importing Assets/Sprites/Icon.5_23.png using Guid(9ffe66b254182d24b974b7f0bb1c5fec) Importer(815301076,1909f56bfc062723c751e8b465ee728b)  -> (artifact id: '22b505a449ba7f3d15a4f50e588ebbda') in 0.026507 seconds
Number of updated asset objects reloaded before import = 0
Number of asset objects unloaded after import = 3
========================================================================
Received Import Request.
  Time since last request: 0.000034 seconds.
  path: Assets/Sprites/Icon.1_09.png
  artifactKey: Guid(176e887a0f451a643b969b4ef11598f5) Importer(815301076,1909f56bfc062723c751e8b465ee728b)
Start importing Assets/Sprites/Icon.1_09.png using Guid(176e887a0f451a643b969b4ef11598f5) Importer(815301076,1909f56bfc062723c751e8b465ee728b)  -> (artifact id: '188fdfd3f673c1d2965b6dc79e58003b') in 0.027638 seconds
Number of updated asset objects reloaded before import = 0
Number of asset objects unloaded after import = 3
========================================================================
Received Import Request.
  Time since last request: 0.000026 seconds.
  path: Assets/Sprites/Icon.1_66.png
  artifactKey: Guid(dfa1be0dc4d49b9428ea3628b67ce9f8) Importer(815301076,1909f56bfc062723c751e8b465ee728b)
Start importing Assets/Sprites/Icon.1_66.png using Guid(dfa1be0dc4d49b9428ea3628b67ce9f8) Importer(815301076,1909f56bfc062723c751e8b465ee728b)  -> (artifact id: '6890ef92f04ca8d0606c0ea31b436468') in 0.027115 seconds
Number of updated asset objects reloaded before import = 0
Number of asset objects unloaded after import = 3
========================================================================
Received Import Request.
  Time since last request: 0.000020 seconds.
  path: Assets/Sprites/Icon.4_38.png
  artifactKey: Guid(912940107dffe124796ec1a8bdc6cdd5) Importer(815301076,1909f56bfc062723c751e8b465ee728b)
Start importing Assets/Sprites/Icon.4_38.png using Guid(912940107dffe124796ec1a8bdc6cdd5) Importer(815301076,1909f56bfc062723c751e8b465ee728b)  -> (artifact id: 'f54831316a2d33542840d74d6a68f181') in 0.028606 seconds
Number of updated asset objects reloaded before import = 0
Number of asset objects unloaded after import = 3
========================================================================
Received Import Request.
  Time since last request: 0.000019 seconds.
  path: Assets/Sprites/Icon.5_24.png
  artifactKey: Guid(4874ef64ab884a34d8ce19fd258b842d) Importer(815301076,1909f56bfc062723c751e8b465ee728b)
Start importing Assets/Sprites/Icon.5_24.png using Guid(4874ef64ab884a34d8ce19fd258b842d) Importer(815301076,1909f56bfc062723c751e8b465ee728b)  -> (artifact id: '9b24159c477b85d9ef3d1b3cb73fa1e3') in 0.030002 seconds
Number of updated asset objects reloaded before import = 0
Number of asset objects unloaded after import = 3
Editor requested this worker to shutdown with reason: Scaling down because of idle timeout
TcpMessagingSession - receive error: operation aborted. errorcode: 995, details: The I/O operation has been aborted because of either a thread exit or an application request.
AssetImportWorker is now disconnected from the server
Process exiting
Exiting without the bug reporter. Application will terminate with return code 0